This file contains any messages produced by compilers while
running configure, to aid debugging if configure makes a mistake.

It was created by configure, which was
generated by GNU Autoconf 2.57.  Invocation command line was

  $ ./configure 

## --------- ##
## Platform. ##
## --------- ##

hostname = localhost.localdomain
uname -m = i686
uname -r = 2.4.20-8
uname -s = Linux
uname -v = #1 Thu Mar 13 17:54:28 EST 2003

/usr/bin/uname -p = unknown
/bin/uname -X     = unknown

/bin/arch              = i686
/usr/bin/arch -k       = unknown
/usr/convex/getsysinfo = unknown
hostinfo               = unknown
/bin/machine           = unknown
/usr/bin/oslevel       = unknown
/bin/universe          = unknown

PATH: /usr/local/bin
PATH: /bin
PATH: /usr/bin
PATH: /usr/X11R6/bin
PATH: /usr/NX/bin
PATH: /usr/java/j2sdk1.4.2_03/bin
PATH: /home/lroufail/bin


## ----------- ##
## Core tests. ##
## ----------- ##

configure:1487: checking for a BSD-compatible install
configure:1541: result: /usr/bin/install -c
configure:1552: checking whether build environment is sane
configure:1595: result: yes
configure:1628: checking for gawk
configure:1644: found /bin/gawk
configure:1654: result: gawk
configure:1664: checking whether make sets $(MAKE)
configure:1684: result: yes
configure:1889: checking for gcc
configure:1905: found /usr/bin/gcc
configure:1915: result: gcc
configure:2159: checking for C compiler version
configure:2162: gcc --version </dev/null >&5
gcc (GCC) 3.2.2 20030222 (Red Hat Linux 3.2.2-5)
Copyright (C) 2002 Free Software Foundation, Inc.
This is free software; see the source for copying conditions.  There is NO
warranty; not even for MERCHANTABILITY or FITNESS FOR A PARTICULAR PURPOSE.

configure:2165: $? = 0
configure:2167: gcc -v </dev/null >&5
Reading specs from /usr/lib/gcc-lib/i386-redhat-linux/3.2.2/specs
Configured with: ../configure --prefix=/usr --mandir=/usr/share/man --infodir=/usr/share/info --enable-shared --enable-threads=posix --disable-checking --with-system-zlib --enable-__cxa_atexit --host=i386-redhat-linux
Thread model: posix
gcc version 3.2.2 20030222 (Red Hat Linux 3.2.2-5)
configure:2170: $? = 0
configure:2172: gcc -V </dev/null >&5
gcc: argument to `-V' is missing
configure:2175: $? = 1
configure:2199: checking for C compiler default output
configure:2202: gcc    conftest.c  >&5
configure:2205: $? = 0
configure:2251: result: a.out
configure:2256: checking whether the C compiler works
configure:2262: ./a.out
configure:2265: $? = 0
configure:2282: result: yes
configure:2289: checking whether we are cross compiling
configure:2291: result: no
configure:2294: checking for suffix of executables
configure:2296: gcc -o conftest    conftest.c  >&5
configure:2299: $? = 0
configure:2324: result: 
configure:2330: checking for suffix of object files
configure:2352: gcc -c   conftest.c >&5
configure:2355: $? = 0
configure:2377: result: o
configure:2381: checking whether we are using the GNU C compiler
configure:2406: gcc -c   conftest.c >&5
configure:2409: $? = 0
configure:2412: test -s conftest.o
configure:2415: $? = 0
configure:2428: result: yes
configure:2434: checking whether gcc accepts -g
configure:2456: gcc -c -g  conftest.c >&5
configure:2459: $? = 0
configure:2462: test -s conftest.o
configure:2465: $? = 0
configure:2476: result: yes
configure:2493: checking for gcc option to accept ANSI C
configure:2554: gcc  -c -g -O2  conftest.c >&5
configure:2557: $? = 0
configure:2560: test -s conftest.o
configure:2563: $? = 0
configure:2581: result: none needed
configure:2599: gcc -c -g -O2  conftest.c >&5
conftest.c:2: parse error before "me"
configure:2602: $? = 1
configure: failed program was:
| #ifndef __cplusplus
|   choke me
| #endif
configure:2730: checking for style of include used by make
configure:2758: result: GNU
configure:2786: checking dependency style of gcc
configure:2848: result: gcc3
configure:2918: checking for g++
configure:2934: found /usr/bin/g++
configure:2944: result: g++
configure:2960: checking for C++ compiler version
configure:2963: g++ --version </dev/null >&5
g++ (GCC) 3.2.2 20030222 (Red Hat Linux 3.2.2-5)
Copyright (C) 2002 Free Software Foundation, Inc.
This is free software; see the source for copying conditions.  There is NO
warranty; not even for MERCHANTABILITY or FITNESS FOR A PARTICULAR PURPOSE.

configure:2966: $? = 0
configure:2968: g++ -v </dev/null >&5
Reading specs from /usr/lib/gcc-lib/i386-redhat-linux/3.2.2/specs
Configured with: ../configure --prefix=/usr --mandir=/usr/share/man --infodir=/usr/share/info --enable-shared --enable-threads=posix --disable-checking --with-system-zlib --enable-__cxa_atexit --host=i386-redhat-linux
Thread model: posix
gcc version 3.2.2 20030222 (Red Hat Linux 3.2.2-5)
configure:2971: $? = 0
configure:2973: g++ -V </dev/null >&5
g++: argument to `-V' missing

configure:2976: $? = 1
configure:2979: checking whether we are using the GNU C++ compiler
configure:3004: g++ -c   conftest.cc >&5
configure:3007: $? = 0
configure:3010: test -s conftest.o
configure:3013: $? = 0
configure:3026: result: yes
configure:3032: checking whether g++ accepts -g
configure:3054: g++ -c -g  conftest.cc >&5
configure:3057: $? = 0
configure:3060: test -s conftest.o
configure:3063: $? = 0
configure:3074: result: yes
configure:3118: g++ -c -g -O2  conftest.cc >&5
configure:3121: $? = 0
configure:3124: test -s conftest.o
configure:3127: $? = 0
configure:3154: g++ -c -g -O2  conftest.cc >&5
configure: In function `int main()':
configure:3151: `exit' undeclared (first use this function)
configure:3151: (Each undeclared identifier is reported only once for each 
   function it appears in.)
configure:3157: $? = 1
configure: failed program was:
| #line 3137 "configure"
| /* confdefs.h.  */
| 
| #define PACKAGE_NAME ""
| #define PACKAGE_TARNAME ""
| #define PACKAGE_VERSION ""
| #define PACKAGE_STRING ""
| #define PACKAGE_BUGREPORT ""
| #define PACKAGE "nxrun"
| #define VERSION "1.2.2"
| /* end confdefs.h.  */
| 
| int
| main ()
| {
| exit (42);
|   ;
|   return 0;
| }
configure:3118: g++ -c -g -O2  conftest.cc >&5
configure:3121: $? = 0
configure:3124: test -s conftest.o
configure:3127: $? = 0
configure:3154: g++ -c -g -O2  conftest.cc >&5
configure:3157: $? = 0
configure:3160: test -s conftest.o
configure:3163: $? = 0
configure:3188: checking dependency style of g++
configure:3250: result: gcc3
configure:3280: checking for a BSD-compatible install
configure:3334: result: /usr/bin/install -c
configure:3418: checking build system type
configure:3436: result: i686-pc-linux
configure:3444: checking host system type
configure:3458: result: i686-pc-linux
configure:3488: checking for ld used by GCC
configure:3551: result: /usr/bin/ld
configure:3560: checking if the linker (/usr/bin/ld) is GNU ld
GNU ld version 2.13.90.0.18 20030206
configure:3572: result: yes
configure:3577: checking for /usr/bin/ld option to reload object files
configure:3584: result: -r
configure:3589: checking for BSD-compatible nm
configure:3625: result: /usr/bin/nm -B
configure:3628: checking for a sed that does not truncate output
configure:3710: result: /bin/sed
configure:3713: checking whether ln -s works
configure:3717: result: yes
configure:3724: checking how to recognise dependent libraries
configure:3905: result: pass_all
configure:3918: checking command to parse /usr/bin/nm -B output
configure:4002: gcc -c -g -O2  conftest.c >&5
configure:4005: $? = 0
configure:4009: /usr/bin/nm -B conftest.o \| sed -n -e 's/^.*[ 	]\([ABCDGISTW][ABCDGISTW]*\)[ 	][ 	]*\(\)\([_A-Za-z][_A-Za-z0-9]*\)$/\1 \2\3 \3/p' \> conftest.nm
configure:4012: $? = 0
configure:4064: gcc -o conftest -g -O2   conftest.c conftstm.o >&5
configure:4067: $? = 0
configure:4111: result: ok
configure:4120: checking how to run the C preprocessor
configure:4156: gcc -E  conftest.c
configure:4162: $? = 0
configure:4194: gcc -E  conftest.c
configure:4198:28: ac_nonexistent.h: No such file or directory
configure:4200: $? = 1
configure: failed program was:
| #line 4185 "configure"
| /* confdefs.h.  */
| 
| #define PACKAGE_NAME ""
| #define PACKAGE_TARNAME ""
| #define PACKAGE_VERSION ""
| #define PACKAGE_STRING ""
| #define PACKAGE_BUGREPORT ""
| #define PACKAGE "nxrun"
| #define VERSION "1.2.2"
| #ifdef __cplusplus
| #include <stdlib.h>
| #endif
| /* end confdefs.h.  */
| #include <ac_nonexistent.h>
configure:4238: result: gcc -E
configure:4263: gcc -E  conftest.c
configure:4269: $? = 0
configure:4301: gcc -E  conftest.c
configure:4305:28: ac_nonexistent.h: No such file or directory
configure:4307: $? = 1
configure: failed program was:
| #line 4292 "configure"
| /* confdefs.h.  */
| 
| #define PACKAGE_NAME ""
| #define PACKAGE_TARNAME ""
| #define PACKAGE_VERSION ""
| #define PACKAGE_STRING ""
| #define PACKAGE_BUGREPORT ""
| #define PACKAGE "nxrun"
| #define VERSION "1.2.2"
| #ifdef __cplusplus
| #include <stdlib.h>
| #endif
| /* end confdefs.h.  */
| #include <ac_nonexistent.h>
configure:4350: checking for egrep
configure:4360: result: grep -E
configure:4365: checking for ANSI C header files
configure:4391: gcc -c -g -O2  conftest.c >&5
configure:4394: $? = 0
configure:4397: test -s conftest.o
configure:4400: $? = 0
configure:4489: gcc -o conftest -g -O2   conftest.c  >&5
configure:4492: $? = 0
configure:4494: ./conftest
configure:4497: $? = 0
configure:4512: result: yes
configure:4536: checking for sys/types.h
configure:4553: gcc -c -g -O2  conftest.c >&5
configure:4556: $? = 0
configure:4559: test -s conftest.o
configure:4562: $? = 0
configure:4573: result: yes
configure:4536: checking for sys/stat.h
configure:4553: gcc -c -g -O2  conftest.c >&5
configure:4556: $? = 0
configure:4559: test -s conftest.o
configure:4562: $? = 0
configure:4573: result: yes
configure:4536: checking for stdlib.h
configure:4553: gcc -c -g -O2  conftest.c >&5
configure:4556: $? = 0
configure:4559: test -s conftest.o
configure:4562: $? = 0
configure:4573: result: yes
configure:4536: checking for string.h
configure:4553: gcc -c -g -O2  conftest.c >&5
configure:4556: $? = 0
configure:4559: test -s conftest.o
configure:4562: $? = 0
configure:4573: result: yes
configure:4536: checking for memory.h
configure:4553: gcc -c -g -O2  conftest.c >&5
configure:4556: $? = 0
configure:4559: test -s conftest.o
configure:4562: $? = 0
configure:4573: result: yes
configure:4536: checking for strings.h
configure:4553: gcc -c -g -O2  conftest.c >&5
configure:4556: $? = 0
configure:4559: test -s conftest.o
configure:4562: $? = 0
configure:4573: result: yes
configure:4536: checking for inttypes.h
configure:4553: gcc -c -g -O2  conftest.c >&5
configure:4556: $? = 0
configure:4559: test -s conftest.o
configure:4562: $? = 0
configure:4573: result: yes
configure:4536: checking for stdint.h
configure:4553: gcc -c -g -O2  conftest.c >&5
configure:4556: $? = 0
configure:4559: test -s conftest.o
configure:4562: $? = 0
configure:4573: result: yes
configure:4536: checking for unistd.h
configure:4553: gcc -c -g -O2  conftest.c >&5
configure:4556: $? = 0
configure:4559: test -s conftest.o
configure:4562: $? = 0
configure:4573: result: yes
configure:4599: checking dlfcn.h usability
configure:4612: gcc -c -g -O2  conftest.c >&5
configure:4615: $? = 0
configure:4618: test -s conftest.o
configure:4621: $? = 0
configure:4631: result: yes
configure:4635: checking dlfcn.h presence
configure:4646: gcc -E  conftest.c
configure:4652: $? = 0
configure:4671: result: yes
configure:4707: checking for dlfcn.h
configure:4714: result: yes
configure:4912: checking for ranlib
configure:4928: found /usr/bin/ranlib
configure:4939: result: ranlib
configure:4992: checking for strip
configure:5008: found /usr/bin/strip
configure:5019: result: strip
configure:5072: gcc -c -g -O2  conftest.c >&5
configure:5075: $? = 0
configure:5241: checking for objdir
configure:5252: result: .libs
configure:5269: checking for gcc option to produce PIC
configure:5415: result: -fPIC
configure:5419: checking if gcc PIC flag -fPIC works
configure:5443: gcc -c -g -O2 -fPIC -DPIC  conftest.c >&5
configure:5446: $? = 0
configure:5449: test -s conftest.o
configure:5452: $? = 0
configure:5490: result: yes
configure:5506: checking if gcc static flag -static works
configure:5531: gcc -o conftest -g -O2   -static conftest.c  >&5
configure:5534: $? = 0
configure:5537: test -s conftest
configure:5540: $? = 0
configure:5556: result: yes
configure:5568: checking if gcc supports -c -o file.o
configure:5591: gcc -c -g -O2 -o out/conftest2.o  conftest.c >&5
configure:5612: result: yes
configure:5617: checking if gcc supports -c -o file.lo
configure:5645: gcc -c -g -O2 -c -o conftest.lo  conftest.c >&5
configure:5648: $? = 0
configure:5651: test -s conftest.lo
configure:5654: $? = 0
configure:5676: result: yes
configure:5707: checking if gcc supports -fno-rtti -fno-exceptions
configure:5730: gcc -c -g -O2 -fno-rtti -fno-exceptions -c conftest.c  conftest.c >&5
configure:5733: $? = 0
configure:5736: test -s conftest.o
configure:5739: $? = 0
configure:5756: result: yes
configure:5767: checking whether the linker (/usr/bin/ld) supports shared libraries
configure:6462: result: yes
configure:6467: checking how to hardcode library paths into programs
configure:6491: result: immediate
configure:6496: checking whether stripping libraries is possible
configure:6501: result: yes
configure:6512: checking dynamic linker characteristics
configure:6926: result: GNU/Linux ld.so
configure:6931: checking if libtool supports shared libraries
configure:6933: result: yes
configure:6936: checking whether to build shared libraries
configure:6957: result: yes
configure:6960: checking whether to build static libraries
configure:6964: result: yes
configure:7638: checking whether -lc should be explicitly linked in
configure:7646: gcc -c -g -O2  conftest.c >&5
configure:7649: $? = 0
configure:7663: gcc -shared conftest.o  -v -Wl,-soname -Wl,conftest -o conftest 2\>\&1 \| grep  -lc  \>/dev/null 2\>\&1
configure:7666: $? = 0
configure:7679: result: no
configure:8370: creating ./config.status

## ---------------------- ##
## Running config.status. ##
## ---------------------- ##

This file was extended by config.status, which was
generated by GNU Autoconf 2.57.  Invocation command line was

  CONFIG_FILES    = 
  CONFIG_HEADERS  = 
  CONFIG_LINKS    = 
  CONFIG_COMMANDS = 
  $ ./config.status 

on localhost.localdomain

config.status:670: creating Makefile
config.status:774: creating config.h
config.status:881: config.h is unchanged
config.status:994: executing depfiles commands

## ---------------- ##
## Cache variables. ##
## ---------------- ##

ac_cv_build=i686-pc-linux
ac_cv_build_alias=i686-pc-linux
ac_cv_c_compiler_gnu=yes
ac_cv_cxx_compiler_gnu=yes
ac_cv_env_CC_set=
ac_cv_env_CC_value=
ac_cv_env_CFLAGS_set=
ac_cv_env_CFLAGS_value=
ac_cv_env_CPPFLAGS_set=
ac_cv_env_CPPFLAGS_value=
ac_cv_env_CPP_set=
ac_cv_env_CPP_value=
ac_cv_env_CXXFLAGS_set=
ac_cv_env_CXXFLAGS_value=
ac_cv_env_CXX_set=
ac_cv_env_CXX_value=
ac_cv_env_LDFLAGS_set=
ac_cv_env_LDFLAGS_value=
ac_cv_env_build_alias_set=
ac_cv_env_build_alias_value=
ac_cv_env_host_alias_set=
ac_cv_env_host_alias_value=
ac_cv_env_target_alias_set=
ac_cv_env_target_alias_value=
ac_cv_exeext=
ac_cv_header_dlfcn_h=yes
ac_cv_header_inttypes_h=yes
ac_cv_header_memory_h=yes
ac_cv_header_stdc=yes
ac_cv_header_stdint_h=yes
ac_cv_header_stdlib_h=yes
ac_cv_header_string_h=yes
ac_cv_header_strings_h=yes
ac_cv_header_sys_stat_h=yes
ac_cv_header_sys_types_h=yes
ac_cv_header_unistd_h=yes
ac_cv_host=i686-pc-linux
ac_cv_host_alias=i686-pc-linux
ac_cv_objext=o
ac_cv_path_install='/usr/bin/install -c'
ac_cv_prog_AWK=gawk
ac_cv_prog_CPP='gcc -E'
ac_cv_prog_ac_ct_CC=gcc
ac_cv_prog_ac_ct_CXX=g++
ac_cv_prog_ac_ct_RANLIB=ranlib
ac_cv_prog_ac_ct_STRIP=strip
ac_cv_prog_cc_g=yes
ac_cv_prog_cc_stdc=
ac_cv_prog_cxx_g=yes
ac_cv_prog_egrep='grep -E'
ac_cv_prog_make_make_set=yes
am_cv_CC_dependencies_compiler_type=gcc3
am_cv_CXX_dependencies_compiler_type=gcc3
lt_cv_archive_cmds_need_lc=no
lt_cv_cc_64bit_output=no
lt_cv_compiler_c_o=yes
lt_cv_compiler_o_lo=yes
lt_cv_deplibs_check_method=pass_all
lt_cv_file_magic_cmd='$MAGIC_CMD'
lt_cv_file_magic_test_file='/lib/libc.so.6 /lib/libc-2.3.2.so'
lt_cv_global_symbol_to_c_name_address='sed -n -e '\''s/^: \([^ ]*\) $/  {\"\1\", (lt_ptr) 0},/p'\'' -e '\''s/^[BCDEGRST] \([^ ]*\) \([^ ]*\)$/  {"\2", (lt_ptr) \&\2},/p'\'''
lt_cv_global_symbol_to_cdecl='sed -n -e '\''s/^. .* \(.*\)$/extern char \1;/p'\'''
lt_cv_ld_reload_flag=-r
lt_cv_path_LD=/usr/bin/ld
lt_cv_path_NM='/usr/bin/nm -B'
lt_cv_path_SED=/bin/sed
lt_cv_prog_cc_can_build_shared=yes
lt_cv_prog_cc_no_builtin=
lt_cv_prog_cc_pic=' -fPIC'
lt_cv_prog_cc_pic_works=yes
lt_cv_prog_cc_shlib=
lt_cv_prog_cc_static=-static
lt_cv_prog_cc_static_works=yes
lt_cv_prog_cc_wl=-Wl,
lt_cv_prog_gnu_ld=yes
lt_cv_sys_global_symbol_pipe='sed -n -e '\''s/^.*[ 	]\([ABCDGISTW][ABCDGISTW]*\)[ 	][ 	]*\(\)\([_A-Za-z][_A-Za-z0-9]*\)$/\1 \2\3 \3/p'\'''

## ----------------- ##
## Output variables. ##
## ----------------- ##

ACLOCAL='${SHELL} /home/lroufail/mozilla/mozilla/modules/plugin/tools/sdk/samples/freenx/nxrun/missing --run aclocal-1.7'
AMDEPBACKSLASH='\'
AMDEP_FALSE='#'
AMDEP_TRUE=''
AMTAR='${SHELL} /home/lroufail/mozilla/mozilla/modules/plugin/tools/sdk/samples/freenx/nxrun/missing --run tar'
AUTOCONF='${SHELL} /home/lroufail/mozilla/mozilla/modules/plugin/tools/sdk/samples/freenx/nxrun/missing --run autoconf'
AUTOHEADER='${SHELL} /home/lroufail/mozilla/mozilla/modules/plugin/tools/sdk/samples/freenx/nxrun/missing --run autoheader'
AUTOMAKE='${SHELL} /home/lroufail/mozilla/mozilla/modules/plugin/tools/sdk/samples/freenx/nxrun/missing --run automake-1.7'
AWK='gawk'
CC='gcc'
CCDEPMODE='depmode=gcc3'
CFLAGS='-g -O2'
CPP='gcc -E'
CPPFLAGS=''
CXX='g++'
CXXDEPMODE='depmode=gcc3'
CXXFLAGS='-g -O2'
CYGPATH_W='echo'
DEFS='-DHAVE_CONFIG_H'
DEPDIR='.deps'
ECHO='echo'
ECHO_C=''
ECHO_N='-n'
ECHO_T=''
EGREP='grep -E'
EXEEXT=''
INSTALL_DATA='${INSTALL} -m 644'
INSTALL_PROGRAM='${INSTALL}'
INSTALL_SCRIPT='${INSTALL}'
INSTALL_STRIP_PROGRAM='${SHELL} $(install_sh) -c -s'
LDFLAGS=''
LIBOBJS=''
LIBS=''
LIBTOOL='$(SHELL) $(top_builddir)/libtool'
LN_S='ln -s'
LTLIBOBJS=''
MAKEINFO='${SHELL} /home/lroufail/mozilla/mozilla/modules/plugin/tools/sdk/samples/freenx/nxrun/missing --run makeinfo'
OBJEXT='o'
PACKAGE='nxrun'
PACKAGE_BUGREPORT=''
PACKAGE_NAME=''
PACKAGE_STRING=''
PACKAGE_TARNAME=''
PACKAGE_VERSION=''
PATH_SEPARATOR=':'
RANLIB='ranlib'
SET_MAKE=''
SHELL='/bin/sh'
STRIP='strip'
VERSION='1.2.2'
ac_ct_CC='gcc'
ac_ct_CXX='g++'
ac_ct_RANLIB='ranlib'
ac_ct_STRIP='strip'
am__fastdepCC_FALSE='#'
am__fastdepCC_TRUE=''
am__fastdepCXX_FALSE='#'
am__fastdepCXX_TRUE=''
am__include='include'
am__quote=''
bindir='${exec_prefix}/bin'
build='i686-pc-linux'
build_alias=''
build_cpu='i686'
build_os='linux'
build_vendor='pc'
datadir='${prefix}/share'
exec_prefix='${prefix}'
host='i686-pc-linux'
host_alias=''
host_cpu='i686'
host_os='linux'
host_vendor='pc'
includedir='${prefix}/include'
infodir='${prefix}/info'
install_sh='/home/lroufail/mozilla/mozilla/modules/plugin/tools/sdk/samples/freenx/nxrun/install-sh'
libdir='${exec_prefix}/lib'
libexecdir='${exec_prefix}/libexec'
localstatedir='${prefix}/var'
mandir='${prefix}/man'
oldincludedir='/usr/include'
prefix='/usr/local'
program_transform_name='s,x,x,'
sbindir='${exec_prefix}/sbin'
sharedstatedir='${prefix}/com'
sysconfdir='${prefix}/etc'
target_alias=''

## ----------- ##
## confdefs.h. ##
## ----------- ##

#define HAVE_DLFCN_H 1
#define HAVE_INTTYPES_H 1
#define HAVE_MEMORY_H 1
#define HAVE_STDINT_H 1
#define HAVE_STDLIB_H 1
#define HAVE_STRINGS_H 1
#define HAVE_STRING_H 1
#define HAVE_SYS_STAT_H 1
#define HAVE_SYS_TYPES_H 1
#define HAVE_UNISTD_H 1
#define PACKAGE "nxrun"
#define PACKAGE_BUGREPORT ""
#define PACKAGE_NAME ""
#define PACKAGE_STRING ""
#define PACKAGE_TARNAME ""
#define PACKAGE_VERSION ""
#define STDC_HEADERS 1
#define VERSION "1.2.2"
#endif
#ifdef __cplusplus
#include <stdlib.h>

configure: exit 0
