This file contains any messages produced by compilers while
running configure, to aid debugging if configure makes a mistake.

It was created by configure, which was
generated by GNU Autoconf 2.57.  Invocation command line was

  $ ./configure 

## --------- ##
## Platform. ##
## --------- ##

hostname = localhost.localdomain
uname -m = i686
uname -r = 2.4.20-8
uname -s = Linux
uname -v = #1 Thu Mar 13 17:54:28 EST 2003

/usr/bin/uname -p = unknown
/bin/uname -X     = unknown

/bin/arch              = i686
/usr/bin/arch -k       = unknown
/usr/convex/getsysinfo = unknown
hostinfo               = unknown
/bin/machine           = unknown
/usr/bin/oslevel       = unknown
/bin/universe          = unknown

PATH: /usr/local/bin
PATH: /usr/bin
PATH: /bin
PATH: /usr/X11R6/bin
PATH: /usr/NX/bin
PATH: /usr/java/j2sdk1.4.2_03/bin
PATH: /home/lroufail/bin
PATH: /usr/java/j2sdk1.4.2_03/bin
PATH: /usr/NX/bin


## ----------- ##
## Core tests. ##
## ----------- ##

configure:1534: checking for a BSD-compatible install
configure:1588: result: /usr/bin/install -c
configure:1599: checking whether build environment is sane
configure:1642: result: yes
configure:1675: checking for gawk
configure:1691: found /usr/bin/gawk
configure:1701: result: gawk
configure:1711: checking whether make sets $(MAKE)
configure:1731: result: yes
configure:1915: checking for gcc
configure:1931: found /usr/bin/gcc
configure:1941: result: gcc
configure:2185: checking for C compiler version
configure:2188: gcc --version </dev/null >&5
gcc (GCC) 3.2.2 20030222 (Red Hat Linux 3.2.2-5)
Copyright (C) 2002 Free Software Foundation, Inc.
This is free software; see the source for copying conditions.  There is NO
warranty; not even for MERCHANTABILITY or FITNESS FOR A PARTICULAR PURPOSE.

configure:2191: $? = 0
configure:2193: gcc -v </dev/null >&5
Reading specs from /usr/lib/gcc-lib/i386-redhat-linux/3.2.2/specs
Configured with: ../configure --prefix=/usr --mandir=/usr/share/man --infodir=/usr/share/info --enable-shared --enable-threads=posix --disable-checking --with-system-zlib --enable-__cxa_atexit --host=i386-redhat-linux
Thread model: posix
gcc version 3.2.2 20030222 (Red Hat Linux 3.2.2-5)
configure:2196: $? = 0
configure:2198: gcc -V </dev/null >&5
gcc: argument to `-V' is missing
configure:2201: $? = 1
configure:2225: checking for C compiler default output
configure:2228: gcc    conftest.c  >&5
configure:2231: $? = 0
configure:2277: result: a.out
configure:2282: checking whether the C compiler works
configure:2288: ./a.out
configure:2291: $? = 0
configure:2308: result: yes
configure:2315: checking whether we are cross compiling
configure:2317: result: no
configure:2320: checking for suffix of executables
configure:2322: gcc -o conftest    conftest.c  >&5
configure:2325: $? = 0
configure:2350: result: 
configure:2356: checking for suffix of object files
configure:2378: gcc -c   conftest.c >&5
configure:2381: $? = 0
configure:2403: result: o
configure:2407: checking whether we are using the GNU C compiler
configure:2432: gcc -c   conftest.c >&5
configure:2435: $? = 0
configure:2438: test -s conftest.o
configure:2441: $? = 0
configure:2454: result: yes
configure:2460: checking whether gcc accepts -g
configure:2482: gcc -c -g  conftest.c >&5
configure:2485: $? = 0
configure:2488: test -s conftest.o
configure:2491: $? = 0
configure:2502: result: yes
configure:2519: checking for gcc option to accept ANSI C
configure:2580: gcc  -c -g -O2  conftest.c >&5
configure:2583: $? = 0
configure:2586: test -s conftest.o
configure:2589: $? = 0
configure:2607: result: none needed
configure:2625: gcc -c -g -O2  conftest.c >&5
conftest.c:2: parse error before "me"
configure:2628: $? = 1
configure: failed program was:
| #ifndef __cplusplus
|   choke me
| #endif
configure:2756: checking for style of include used by make
configure:2784: result: GNU
configure:2812: checking dependency style of gcc
configure:2874: result: gcc3
configure:2931: checking for g++
configure:2947: found /usr/bin/g++
configure:2957: result: g++
configure:2973: checking for C++ compiler version
configure:2976: g++ --version </dev/null >&5
g++ (GCC) 3.2.2 20030222 (Red Hat Linux 3.2.2-5)
Copyright (C) 2002 Free Software Foundation, Inc.
This is free software; see the source for copying conditions.  There is NO
warranty; not even for MERCHANTABILITY or FITNESS FOR A PARTICULAR PURPOSE.

configure:2979: $? = 0
configure:2981: g++ -v </dev/null >&5
Reading specs from /usr/lib/gcc-lib/i386-redhat-linux/3.2.2/specs
Configured with: ../configure --prefix=/usr --mandir=/usr/share/man --infodir=/usr/share/info --enable-shared --enable-threads=posix --disable-checking --with-system-zlib --enable-__cxa_atexit --host=i386-redhat-linux
Thread model: posix
gcc version 3.2.2 20030222 (Red Hat Linux 3.2.2-5)
configure:2984: $? = 0
configure:2986: g++ -V </dev/null >&5
g++: argument to `-V' missing

configure:2989: $? = 1
configure:2992: checking whether we are using the GNU C++ compiler
configure:3017: g++ -c   conftest.cc >&5
configure:3020: $? = 0
configure:3023: test -s conftest.o
configure:3026: $? = 0
configure:3039: result: yes
configure:3045: checking whether g++ accepts -g
configure:3067: g++ -c -g  conftest.cc >&5
configure:3070: $? = 0
configure:3073: test -s conftest.o
configure:3076: $? = 0
configure:3087: result: yes
configure:3131: g++ -c -g -O2  conftest.cc >&5
configure:3134: $? = 0
configure:3137: test -s conftest.o
configure:3140: $? = 0
configure:3167: g++ -c -g -O2  conftest.cc >&5
configure: In function `int main()':
configure:3162: `exit' undeclared (first use this function)
configure:3162: (Each undeclared identifier is reported only once for each 
   function it appears in.)
configure:3170: $? = 1
configure: failed program was:
| #line 3150 "configure"
| /* confdefs.h.  */
| 
| #define PACKAGE_NAME ""
| #define PACKAGE_TARNAME ""
| #define PACKAGE_VERSION ""
| #define PACKAGE_STRING ""
| #define PACKAGE_BUGREPORT ""
| /* end confdefs.h.  */
| 
| int
| main ()
| {
| exit (42);
|   ;
|   return 0;
| }
configure:3131: g++ -c -g -O2  conftest.cc >&5
configure:3134: $? = 0
configure:3137: test -s conftest.o
configure:3140: $? = 0
configure:3167: g++ -c -g -O2  conftest.cc >&5
configure:3170: $? = 0
configure:3173: test -s conftest.o
configure:3176: $? = 0
configure:3201: checking dependency style of g++
configure:3263: result: gcc3
configure:3340: checking build system type
configure:3358: result: i686-pc-linux-gnu
configure:3366: checking host system type
configure:3380: result: i686-pc-linux-gnu
configure:3410: checking for ld used by GCC
configure:3473: result: /usr/bin/ld
configure:3482: checking if the linker (/usr/bin/ld) is GNU ld
GNU ld version 2.13.90.0.18 20030206
configure:3494: result: yes
configure:3499: checking for /usr/bin/ld option to reload object files
configure:3506: result: -r
configure:3511: checking for BSD-compatible nm
configure:3547: result: /usr/bin/nm -B
configure:3550: checking for a sed that does not truncate output
configure:3632: result: /bin/sed
configure:3635: checking whether ln -s works
configure:3639: result: yes
configure:3646: checking how to recognise dependent libraries
configure:3827: result: pass_all
configure:3840: checking command to parse /usr/bin/nm -B output
configure:3924: gcc -c -g -O2  conftest.c >&5
configure:3927: $? = 0
configure:3931: /usr/bin/nm -B conftest.o \| sed -n -e 's/^.*[ 	]\([ABCDGISTW][ABCDGISTW]*\)[ 	][ 	]*\(\)\([_A-Za-z][_A-Za-z0-9]*\)$/\1 \2\3 \3/p' \> conftest.nm
configure:3934: $? = 0
configure:3986: gcc -o conftest -g -O2   conftest.c conftstm.o >&5
configure:3989: $? = 0
configure:4033: result: ok
configure:4042: checking how to run the C preprocessor
configure:4078: gcc -E  conftest.c
configure:4084: $? = 0
configure:4116: gcc -E  conftest.c
configure:4118:28: ac_nonexistent.h: No such file or directory
configure:4122: $? = 1
configure: failed program was:
| #line 4107 "configure"
| /* confdefs.h.  */
| 
| #define PACKAGE_NAME ""
| #define PACKAGE_TARNAME ""
| #define PACKAGE_VERSION ""
| #define PACKAGE_STRING ""
| #define PACKAGE_BUGREPORT ""
| #ifdef __cplusplus
| #include <stdlib.h>
| #endif
| /* end confdefs.h.  */
| #include <ac_nonexistent.h>
configure:4160: result: gcc -E
configure:4185: gcc -E  conftest.c
configure:4191: $? = 0
configure:4223: gcc -E  conftest.c
configure:4225:28: ac_nonexistent.h: No such file or directory
configure:4229: $? = 1
configure: failed program was:
| #line 4214 "configure"
| /* confdefs.h.  */
| 
| #define PACKAGE_NAME ""
| #define PACKAGE_TARNAME ""
| #define PACKAGE_VERSION ""
| #define PACKAGE_STRING ""
| #define PACKAGE_BUGREPORT ""
| #ifdef __cplusplus
| #include <stdlib.h>
| #endif
| /* end confdefs.h.  */
| #include <ac_nonexistent.h>
configure:4272: checking for egrep
configure:4282: result: grep -E
configure:4287: checking for ANSI C header files
configure:4313: gcc -c -g -O2  conftest.c >&5
configure:4316: $? = 0
configure:4319: test -s conftest.o
configure:4322: $? = 0
configure:4411: gcc -o conftest -g -O2   conftest.c  >&5
configure:4414: $? = 0
configure:4416: ./conftest
configure:4419: $? = 0
configure:4434: result: yes
configure:4458: checking for sys/types.h
configure:4475: gcc -c -g -O2  conftest.c >&5
configure:4478: $? = 0
configure:4481: test -s conftest.o
configure:4484: $? = 0
configure:4495: result: yes
configure:4458: checking for sys/stat.h
configure:4475: gcc -c -g -O2  conftest.c >&5
configure:4478: $? = 0
configure:4481: test -s conftest.o
configure:4484: $? = 0
configure:4495: result: yes
configure:4458: checking for stdlib.h
configure:4475: gcc -c -g -O2  conftest.c >&5
configure:4478: $? = 0
configure:4481: test -s conftest.o
configure:4484: $? = 0
configure:4495: result: yes
configure:4458: checking for string.h
configure:4475: gcc -c -g -O2  conftest.c >&5
configure:4478: $? = 0
configure:4481: test -s conftest.o
configure:4484: $? = 0
configure:4495: result: yes
configure:4458: checking for memory.h
configure:4475: gcc -c -g -O2  conftest.c >&5
configure:4478: $? = 0
configure:4481: test -s conftest.o
configure:4484: $? = 0
configure:4495: result: yes
configure:4458: checking for strings.h
configure:4475: gcc -c -g -O2  conftest.c >&5
configure:4478: $? = 0
configure:4481: test -s conftest.o
configure:4484: $? = 0
configure:4495: result: yes
configure:4458: checking for inttypes.h
configure:4475: gcc -c -g -O2  conftest.c >&5
configure:4478: $? = 0
configure:4481: test -s conftest.o
configure:4484: $? = 0
configure:4495: result: yes
configure:4458: checking for stdint.h
configure:4475: gcc -c -g -O2  conftest.c >&5
configure:4478: $? = 0
configure:4481: test -s conftest.o
configure:4484: $? = 0
configure:4495: result: yes
configure:4458: checking for unistd.h
configure:4475: gcc -c -g -O2  conftest.c >&5
configure:4478: $? = 0
configure:4481: test -s conftest.o
configure:4484: $? = 0
configure:4495: result: yes
configure:4521: checking dlfcn.h usability
configure:4534: gcc -c -g -O2  conftest.c >&5
configure:4537: $? = 0
configure:4540: test -s conftest.o
configure:4543: $? = 0
configure:4553: result: yes
configure:4557: checking dlfcn.h presence
configure:4568: gcc -E  conftest.c
configure:4574: $? = 0
configure:4593: result: yes
configure:4629: checking for dlfcn.h
configure:4636: result: yes
configure:4834: checking for ranlib
configure:4850: found /usr/bin/ranlib
configure:4861: result: ranlib
configure:4914: checking for strip
configure:4930: found /usr/bin/strip
configure:4941: result: strip
configure:5151: checking for objdir
configure:5162: result: .libs
configure:5179: checking for gcc option to produce PIC
configure:5325: result: -fPIC
configure:5329: checking if gcc PIC flag -fPIC works
configure:5353: gcc -c -g -O2 -fPIC -DPIC  conftest.c >&5
configure:5356: $? = 0
configure:5359: test -s conftest.o
configure:5362: $? = 0
configure:5400: result: yes
configure:5416: checking if gcc static flag -static works
configure:5441: gcc -o conftest -g -O2   -static conftest.c  >&5
configure:5444: $? = 0
configure:5447: test -s conftest
configure:5450: $? = 0
configure:5466: result: yes
configure:5478: checking if gcc supports -c -o file.o
configure:5501: gcc -c -g -O2 -o out/conftest2.o  conftest.c >&5
configure:5522: result: yes
configure:5527: checking if gcc supports -c -o file.lo
configure:5555: gcc -c -g -O2 -c -o conftest.lo  conftest.c >&5
configure:5558: $? = 0
configure:5561: test -s conftest.lo
configure:5564: $? = 0
configure:5586: result: yes
configure:5617: checking if gcc supports -fno-rtti -fno-exceptions
configure:5640: gcc -c -g -O2 -fno-rtti -fno-exceptions -c conftest.c  conftest.c >&5
configure:5643: $? = 0
configure:5646: test -s conftest.o
configure:5649: $? = 0
configure:5666: result: yes
configure:5677: checking whether the linker (/usr/bin/ld) supports shared libraries
configure:6372: result: yes
configure:6377: checking how to hardcode library paths into programs
configure:6401: result: immediate
configure:6406: checking whether stripping libraries is possible
configure:6411: result: yes
configure:6422: checking dynamic linker characteristics
configure:6853: result: GNU/Linux ld.so
configure:6858: checking if libtool supports shared libraries
configure:6860: result: yes
configure:6863: checking whether to build shared libraries
configure:6884: result: yes
configure:6887: checking whether to build static libraries
configure:6891: result: yes
configure:7565: checking whether -lc should be explicitly linked in
configure:7573: gcc -c -g -O2  conftest.c >&5
configure:7576: $? = 0
configure:7590: gcc -shared conftest.o  -v -Wl,-soname -Wl,conftest -o conftest 2\>\&1 \| grep  -lc  \>/dev/null 2\>\&1
configure:7593: $? = 0
configure:7606: result: no
configure:8179: checking whether build environment is sane
configure:8222: result: yes
configure:8336: creating ./config.status

## ---------------------- ##
## Running config.status. ##
## ---------------------- ##

This file was extended by config.status, which was
generated by GNU Autoconf 2.57.  Invocation command line was

  CONFIG_FILES    = 
  CONFIG_HEADERS  = 
  CONFIG_LINKS    = 
  CONFIG_COMMANDS = 
  $ ./config.status 

on localhost.localdomain

config.status:671: creating Makefile
config.status:671: creating libXcompsh.pc
config.status:775: creating config.h
config.status:878: config.h is unchanged
config.status:984: executing depfiles commands

## ---------------- ##
## Cache variables. ##
## ---------------- ##

ac_cv_build=i686-pc-linux-gnu
ac_cv_build_alias=i686-pc-linux-gnu
ac_cv_c_compiler_gnu=yes
ac_cv_cxx_compiler_gnu=yes
ac_cv_env_CC_set=
ac_cv_env_CC_value=
ac_cv_env_CFLAGS_set=
ac_cv_env_CFLAGS_value=
ac_cv_env_CPPFLAGS_set=
ac_cv_env_CPPFLAGS_value=
ac_cv_env_CPP_set=
ac_cv_env_CPP_value=
ac_cv_env_CXXFLAGS_set=
ac_cv_env_CXXFLAGS_value=
ac_cv_env_CXX_set=
ac_cv_env_CXX_value=
ac_cv_env_LDFLAGS_set=
ac_cv_env_LDFLAGS_value=
ac_cv_env_build_alias_set=
ac_cv_env_build_alias_value=
ac_cv_env_host_alias_set=
ac_cv_env_host_alias_value=
ac_cv_env_target_alias_set=
ac_cv_env_target_alias_value=
ac_cv_exeext=
ac_cv_header_dlfcn_h=yes
ac_cv_header_inttypes_h=yes
ac_cv_header_memory_h=yes
ac_cv_header_stdc=yes
ac_cv_header_stdint_h=yes
ac_cv_header_stdlib_h=yes
ac_cv_header_string_h=yes
ac_cv_header_strings_h=yes
ac_cv_header_sys_stat_h=yes
ac_cv_header_sys_types_h=yes
ac_cv_header_unistd_h=yes
ac_cv_host=i686-pc-linux-gnu
ac_cv_host_alias=i686-pc-linux-gnu
ac_cv_objext=o
ac_cv_path_install='/usr/bin/install -c'
ac_cv_prog_AWK=gawk
ac_cv_prog_CPP='gcc -E'
ac_cv_prog_ac_ct_CC=gcc
ac_cv_prog_ac_ct_CXX=g++
ac_cv_prog_ac_ct_RANLIB=ranlib
ac_cv_prog_ac_ct_STRIP=strip
ac_cv_prog_cc_g=yes
ac_cv_prog_cc_stdc=
ac_cv_prog_cxx_g=yes
ac_cv_prog_egrep='grep -E'
ac_cv_prog_make_make_set=yes
am_cv_CC_dependencies_compiler_type=gcc3
am_cv_CXX_dependencies_compiler_type=gcc3
lt_cv_archive_cmds_need_lc=no
lt_cv_compiler_c_o=yes
lt_cv_compiler_o_lo=yes
lt_cv_deplibs_check_method=pass_all
lt_cv_file_magic_cmd='$MAGIC_CMD'
lt_cv_file_magic_test_file='/lib/libc.so.6 /lib/libc-2.3.2.so'
lt_cv_global_symbol_to_c_name_address='sed -n -e '\''s/^: \([^ ]*\) $/  {\"\1\", (lt_ptr) 0},/p'\'' -e '\''s/^[BCDEGRST] \([^ ]*\) \([^ ]*\)$/  {"\2", (lt_ptr) \&\2},/p'\'''
lt_cv_global_symbol_to_cdecl='sed -n -e '\''s/^. .* \(.*\)$/extern char \1;/p'\'''
lt_cv_ld_reload_flag=-r
lt_cv_path_LD=/usr/bin/ld
lt_cv_path_NM='/usr/bin/nm -B'
lt_cv_path_SED=/bin/sed
lt_cv_prog_cc_can_build_shared=yes
lt_cv_prog_cc_no_builtin=
lt_cv_prog_cc_pic=' -fPIC'
lt_cv_prog_cc_pic_works=yes
lt_cv_prog_cc_shlib=
lt_cv_prog_cc_static=-static
lt_cv_prog_cc_static_works=yes
lt_cv_prog_cc_wl=-Wl,
lt_cv_prog_gnu_ld=yes
lt_cv_sys_global_symbol_pipe='sed -n -e '\''s/^.*[ 	]\([ABCDGISTW][ABCDGISTW]*\)[ 	][ 	]*\(\)\([_A-Za-z][_A-Za-z0-9]*\)$/\1 \2\3 \3/p'\'''

## ----------------- ##
## Output variables. ##
## ----------------- ##

ACLOCAL='${SHELL} /home/lroufail/mozilla/mozilla/modules/plugin/tools/sdk/samples/freenx/nxcompsh/missing --run aclocal-1.6'
AMDEPBACKSLASH='\'
AMDEP_FALSE='#'
AMDEP_TRUE=''
AMTAR='${SHELL} /home/lroufail/mozilla/mozilla/modules/plugin/tools/sdk/samples/freenx/nxcompsh/missing --run tar'
AUTOCONF='${SHELL} /home/lroufail/mozilla/mozilla/modules/plugin/tools/sdk/samples/freenx/nxcompsh/missing --run autoconf'
AUTOHEADER='${SHELL} /home/lroufail/mozilla/mozilla/modules/plugin/tools/sdk/samples/freenx/nxcompsh/missing --run autoheader'
AUTOMAKE='${SHELL} /home/lroufail/mozilla/mozilla/modules/plugin/tools/sdk/samples/freenx/nxcompsh/missing --run automake-1.6'
AWK='gawk'
CC='gcc'
CCDEPMODE='depmode=gcc3'
CFLAGS='-g -O2'
CPP='gcc -E'
CPPFLAGS=''
CXX='g++'
CXXDEPMODE='depmode=gcc3'
CXXFLAGS='-g -O2'
DEFS='-DHAVE_CONFIG_H'
DEPDIR='.deps'
ECHO='echo'
ECHO_C=''
ECHO_N='-n'
ECHO_T=''
EGREP='grep -E'
EXEEXT=''
GENERIC_API_VERSION='1.2'
GENERIC_LIBRARY_NAME='libXcompsh'
GENERIC_LIBRARY_VERSION='3:2:2'
GENERIC_RELEASE='1.2'
GENERIC_VERSION='1.2.0'
INSTALL_DATA='${INSTALL} -m 644'
INSTALL_PROGRAM='${INSTALL}'
INSTALL_SCRIPT='${INSTALL}'
INSTALL_STRIP_PROGRAM='${SHELL} $(install_sh) -c -s'
LDFLAGS=''
LIBOBJS=''
LIBS=''
LIBTOOL='$(SHELL) $(top_builddir)/libtool'
LN_S='ln -s'
LTLIBOBJS=''
MAKEINFO='${SHELL} /home/lroufail/mozilla/mozilla/modules/plugin/tools/sdk/samples/freenx/nxcompsh/missing --run makeinfo'
OBJEXT='o'
PACKAGE='libXcompsh'
PACKAGE_BUGREPORT=''
PACKAGE_NAME=''
PACKAGE_STRING=''
PACKAGE_TARNAME=''
PACKAGE_VERSION=''
PATH_SEPARATOR=':'
RANLIB='ranlib'
SET_MAKE=''
SHELL='/bin/sh'
STRIP='strip'
VERSION='1.2.0'
ac_ct_CC='gcc'
ac_ct_CXX='g++'
ac_ct_RANLIB='ranlib'
ac_ct_STRIP='strip'
am__include='include'
am__quote=''
bindir='${exec_prefix}/bin'
build='i686-pc-linux-gnu'
build_alias=''
build_cpu='i686'
build_os='linux-gnu'
build_vendor='pc'
datadir='${prefix}/share'
exec_prefix='${prefix}'
host='i686-pc-linux-gnu'
host_alias=''
host_cpu='i686'
host_os='linux-gnu'
host_vendor='pc'
includedir='${prefix}/include'
infodir='${prefix}/info'
install_sh='/home/lroufail/mozilla/mozilla/modules/plugin/tools/sdk/samples/freenx/nxcompsh/install-sh'
libdir='${exec_prefix}/lib'
libexecdir='${exec_prefix}/libexec'
localstatedir='${prefix}/var'
mandir='${prefix}/man'
oldincludedir='/usr/include'
prefix='/usr/local'
program_transform_name='s,x,x,'
sbindir='${exec_prefix}/sbin'
sharedstatedir='${prefix}/com'
sysconfdir='${prefix}/etc'
target_alias=''

## ----------- ##
## confdefs.h. ##
## ----------- ##

#define HAVE_DLFCN_H 1
#define HAVE_INTTYPES_H 1
#define HAVE_MEMORY_H 1
#define HAVE_STDINT_H 1
#define HAVE_STDLIB_H 1
#define HAVE_STRINGS_H 1
#define HAVE_STRING_H 1
#define HAVE_SYS_STAT_H 1
#define HAVE_SYS_TYPES_H 1
#define HAVE_UNISTD_H 1
#define PACKAGE_BUGREPORT ""
#define PACKAGE_NAME ""
#define PACKAGE_STRING ""
#define PACKAGE_TARNAME ""
#define PACKAGE_VERSION ""
#define STDC_HEADERS 1
#endif
#ifdef __cplusplus
#include <stdlib.h>

configure: exit 0
